<?xml version="1.0" encoding="UTF-8"?>
<!-- Generated by org.testng.reporters.JUnitReportReporter -->
<testsuite hostname="Mansipc" failures="0" tests="1" name="com.testing.ECommerceAutomation" time="56.034" errors="0" timestamp="2022-10-18T14:37:32 IST" skipped="0">
  <testcase classname="com.testing.ECommerceAutomation" name="executeChromeTest" time="56.034"/>
</testsuite> <!-- com.testing.ECommerceAutomation -->
